Determining if the pthread_create exist failed with the following output:
Change Dir: /home/alan/Desktop/workspace/src/global_planner/cmake-build-debug/CMakeFiles/CMakeTmp

Run Build Command:"/usr/bin/make" "cmTC_9c288/fast"
/usr/bin/make -f CMakeFiles/cmTC_9c288.dir/build.make CMakeFiles/cmTC_9c288.dir/build
make[1]: Entering directory '/home/alan/Desktop/workspace/src/global_planner/cmake-build-debug/CMakeFiles/CMakeTmp'
Building C object CMakeFiles/cmTC_9c288.dir/CheckSymbolExists.c.o
/usr/bin/cc    -o CMakeFiles/cmTC_9c288.dir/CheckSymbolExists.c.o   -c /home/alan/Desktop/workspace/src/global_planner/cmake-build-debug/CMakeFiles/CMakeTmp/CheckSymbolExists.c
Linking C executable cmTC_9c288
/home/alan/clion-2018.1.1/bin/cmake/bin/cmake -E cmake_link_script CMakeFiles/cmTC_9c288.dir/link.txt --verbose=1
/usr/bin/cc      -rdynamic CMakeFiles/cmTC_9c288.dir/CheckSymbolExists.c.o  -o cmTC_9c288 
CMakeFiles/cmTC_9c288.dir/CheckSymbolExists.c.o: In function `main':
CheckSymbolExists.c:(.text+0x16): undefined reference to `pthread_create'
collect2: error: ld returned 1 exit status
CMakeFiles/cmTC_9c288.dir/build.make:97: recipe for target 'cmTC_9c288' failed
make[1]: *** [cmTC_9c288] Error 1
make[1]: Leaving directory '/home/alan/Desktop/workspace/src/global_planner/cmake-build-debug/CMakeFiles/CMakeTmp'
Makefile:126: recipe for target 'cmTC_9c288/fast' failed
make: *** [cmTC_9c288/fast] Error 2

File /home/alan/Desktop/workspace/src/global_planner/cmake-build-debug/CMakeFiles/CMakeTmp/CheckSymbolExists.c:
/* */
#include <pthread.h>

int main(int argc, char** argv)
{
  (void)argv;
#ifndef pthread_create
  return ((int*)(&pthread_create))[argc];
#else
  (void)argc;
  return 0;
#endif
}

Determining if the function pthread_create exists in the pthreads failed with the following output:
Change Dir: /home/alan/Desktop/workspace/src/global_planner/cmake-build-debug/CMakeFiles/CMakeTmp

Run Build Command:"/usr/bin/make" "cmTC_86087/fast"
/usr/bin/make -f CMakeFiles/cmTC_86087.dir/build.make CMakeFiles/cmTC_86087.dir/build
make[1]: Entering directory '/home/alan/Desktop/workspace/src/global_planner/cmake-build-debug/CMakeFiles/CMakeTmp'
Building C object CMakeFiles/cmTC_86087.dir/CheckFunctionExists.c.o
/usr/bin/cc   -DCHECK_FUNCTION_EXISTS=pthread_create   -o CMakeFiles/cmTC_86087.dir/CheckFunctionExists.c.o   -c /home/alan/clion-2018.1.1/bin/cmake/share/cmake-3.10/Modules/CheckFunctionExists.c
Linking C executable cmTC_86087
/home/alan/clion-2018.1.1/bin/cmake/bin/cmake -E cmake_link_script CMakeFiles/cmTC_86087.dir/link.txt --verbose=1
/usr/bin/cc  -DCHECK_FUNCTION_EXISTS=pthread_create    -rdynamic CMakeFiles/cmTC_86087.dir/CheckFunctionExists.c.o  -o cmTC_86087 -lpthreads 
/usr/bin/ld: cannot find -lpthreads
collect2: error: ld returned 1 exit status
CMakeFiles/cmTC_86087.dir/build.make:97: recipe for target 'cmTC_86087' failed
make[1]: *** [cmTC_86087] Error 1
make[1]: Leaving directory '/home/alan/Desktop/workspace/src/global_planner/cmake-build-debug/CMakeFiles/CMakeTmp'
Makefile:126: recipe for target 'cmTC_86087/fast' failed
make: *** [cmTC_86087/fast] Error 2


